c:\users\82108\desktop\수업, 발표 자료\d01. c프로그래밍\02. 제출 자료\6장. 조건문\04. 참과 거짓\x64\debug\vc143.pdb
c:\users\82108\desktop\수업, 발표 자료\d01. c프로그래밍\02. 제출 자료\6장. 조건문\04. 참과 거짓\x64\debug\vc143.idb
c:\users\82108\desktop\수업, 발표 자료\d01. c프로그래밍\02. 제출 자료\6장. 조건문\04. 참과 거짓\x64\debug\소스.obj
c:\users\82108\desktop\수업, 발표 자료\d01. c프로그래밍\02. 제출 자료\6장. 조건문\x64\debug\04. 참과 거짓.exe
c:\users\82108\desktop\수업, 발표 자료\d01. c프로그래밍\02. 제출 자료\6장. 조건문\x64\debug\04. 참과 거짓.pdb
c:\users\82108\desktop\수업, 발표 자료\d01. c프로그래밍\02. 제출 자료\6장. 조건문\04. 참과 거짓\x64\debug\04. 참과 거짓.ilk
c:\users\82108\source\repos\대학전공용\6장 조건문\04. 참과 거짓\x64\debug\소스.obj
c:\users\82108\source\repos\대학전공용\6장 조건문\04. 참과 거짓\x64\debug\04. 참과 거짓.ilk
c:\users\82108\source\repos\대학전공용\6장 조건문\04. 참과 거짓\x64\debug\vc143.idb
c:\users\82108\source\repos\대학전공용\6장 조건문\04. 참과 거짓\x64\debug\vc143.pdb
c:\users\82108\source\repos\대학전공용\6장 조건문\x64\debug\04. 참과 거짓.pdb
c:\users\82108\source\repos\대학전공용\6장 조건문\x64\debug\04. 참과 거짓.exe
c:\users\82108\source\repos\대학전공용\6장 조건문\04. 참과 거짓\x64\debug\04. 참과 거짓.tlog\cl.command.1.tlog
c:\users\82108\source\repos\대학전공용\6장 조건문\04. 참과 거짓\x64\debug\04. 참과 거짓.tlog\cl.items.tlog
c:\users\82108\source\repos\대학전공용\6장 조건문\04. 참과 거짓\x64\debug\04. 참과 거짓.tlog\cl.read.1.tlog
c:\users\82108\source\repos\대학전공용\6장 조건문\04. 참과 거짓\x64\debug\04. 참과 거짓.tlog\cl.write.1.tlog
c:\users\82108\source\repos\대학전공용\6장 조건문\04. 참과 거짓\x64\debug\04. 참과 거짓.tlog\link.command.1.tlog
c:\users\82108\source\repos\대학전공용\6장 조건문\04. 참과 거짓\x64\debug\04. 참과 거짓.tlog\link.read.1.tlog
c:\users\82108\source\repos\대학전공용\6장 조건문\04. 참과 거짓\x64\debug\04. 참과 거짓.tlog\link.secondary.1.tlog
c:\users\82108\source\repos\대학전공용\6장 조건문\04. 참과 거짓\x64\debug\04. 참과 거짓.tlog\link.write.1.tlog
