  소스.c
C:\Users\82108\source\repos\04. 변수와 자료형\02. Sizeof\소스.c(7,9): warning C4477: 'printf' : 서식 문자열 '%d'에 'int' 형식의 인수가 필요하지만 variadic 인수 1의 형식이 'size_t'입니다.
  C:\Users\82108\source\repos\04. 변수와 자료형\02. Sizeof\소스.c(7,9):
  서식 문자열에서 '%zd'을(를) 사용하는 것이 좋습니다.
  
C:\Users\82108\source\repos\04. 변수와 자료형\02. Sizeof\소스.c(8,9): warning C4477: 'printf' : 서식 문자열 '%d'에 'int' 형식의 인수가 필요하지만 variadic 인수 1의 형식이 'size_t'입니다.
  C:\Users\82108\source\repos\04. 변수와 자료형\02. Sizeof\소스.c(8,9):
  서식 문자열에서 '%zd'을(를) 사용하는 것이 좋습니다.
  
C:\Users\82108\source\repos\04. 변수와 자료형\02. Sizeof\소스.c(9,9): warning C4477: 'printf' : 서식 문자열 '%d'에 'int' 형식의 인수가 필요하지만 variadic 인수 1의 형식이 'size_t'입니다.
  C:\Users\82108\source\repos\04. 변수와 자료형\02. Sizeof\소스.c(9,9):
  서식 문자열에서 '%zd'을(를) 사용하는 것이 좋습니다.
  
C:\Users\82108\source\repos\04. 변수와 자료형\02. Sizeof\소스.c(10,9): warning C4477: 'printf' : 서식 문자열 '%d'에 'int' 형식의 인수가 필요하지만 variadic 인수 1의 형식이 'size_t'입니다.
  C:\Users\82108\source\repos\04. 변수와 자료형\02. Sizeof\소스.c(10,9):
  서식 문자열에서 '%zd'을(를) 사용하는 것이 좋습니다.
  
C:\Users\82108\source\repos\04. 변수와 자료형\02. Sizeof\소스.c(11,9): warning C4477: 'printf' : 서식 문자열 '%d'에 'int' 형식의 인수가 필요하지만 variadic 인수 1의 형식이 'size_t'입니다.
  C:\Users\82108\source\repos\04. 변수와 자료형\02. Sizeof\소스.c(11,9):
  서식 문자열에서 '%zd'을(를) 사용하는 것이 좋습니다.
  
C:\Users\82108\source\repos\04. 변수와 자료형\02. Sizeof\소스.c(12,9): warning C4477: 'printf' : 서식 문자열 '%d'에 'int' 형식의 인수가 필요하지만 variadic 인수 1의 형식이 'size_t'입니다.
  C:\Users\82108\source\repos\04. 변수와 자료형\02. Sizeof\소스.c(12,9):
  서식 문자열에서 '%zd'을(를) 사용하는 것이 좋습니다.
  
C:\Users\82108\source\repos\04. 변수와 자료형\02. Sizeof\소스.c(13,9): warning C4477: 'printf' : 서식 문자열 '%d'에 'int' 형식의 인수가 필요하지만 variadic 인수 1의 형식이 'size_t'입니다.
  C:\Users\82108\source\repos\04. 변수와 자료형\02. Sizeof\소스.c(13,9):
  서식 문자열에서 '%zd'을(를) 사용하는 것이 좋습니다.
  
C:\Users\82108\source\repos\04. 변수와 자료형\02. Sizeof\소스.c(14,9): warning C4477: 'printf' : 서식 문자열 '%d'에 'int' 형식의 인수가 필요하지만 variadic 인수 1의 형식이 'size_t'입니다.
  C:\Users\82108\source\repos\04. 변수와 자료형\02. Sizeof\소스.c(14,9):
  서식 문자열에서 '%zd'을(를) 사용하는 것이 좋습니다.
  
  02. Sizeof.vcxproj -> C:\Users\82108\source\repos\04. 변수와 자료형\x64\Debug\02. Sizeof.exe
